<?xml version="1.0" encoding="UTF-8"?>
<testng-results skipped="0" failed="0" total="1" passed="1">
  <reporter-output>
  </reporter-output>
  <suite name="Default suite" duration-ms="13200" started-at="2020-08-02T19:39:20Z" finished-at="2020-08-02T19:39:33Z">
    <groups>
    </groups>
    <test name="Default test" duration-ms="13200" started-at="2020-08-02T19:39:20Z" finished-at="2020-08-02T19:39:33Z">
      <class name="DemoDropDown.TestDropDown">
        <test-method status="PASS" signature="BrowserCommands()[pri:0, instance:DemoDropDown.TestDropDown@71e7a66b]" name="BrowserCommands" duration-ms="13184" started-at="2020-08-03T01:09:20Z" finished-at="2020-08-03T01:09:33Z">
          <reporter-output>
          </reporter-output>
        </test-method> <!-- BrowserCommands -->
      </class> <!-- DemoDropDown.TestDropDown -->
    </test> <!-- Default test -->
  </suite> <!-- Default suite -->
</testng-results>
